<?xml version="1.0" encoding="UTF-8"?>
<!-- Generated by org.testng.reporters.JUnitXMLReporter -->
<testsuite ignored="0" hostname="kushi" failures="1" tests="1" name="Surefire test" time="5.43" errors="0" timestamp="2023-10-05T18:44:50 ART">
  <testcase classname="Tests.Tests" name="f" time="2.405">
    <failure type="java.lang.AssertionError" message="0auto list tiene automationlist tiene10: lists don&amp;apos;t have the same size expected [10] but found [0]">
      <![CDATA[java.lang.AssertionError: 0auto list tiene automationlist tiene10: lists don't have the same size expected [10] but found [0]
at Tests.Tests.f(Tests.java:55)
at java.base/java.util.ArrayList.forEach(ArrayList.java:1596)
... Removed 37 stack frames]]>
    </failure>
  </testcase> <!-- f -->
</testsuite> <!-- Surefire test -->
