<?xml version="1.0" encoding="UTF-8"?>
<testng-results ignored="0" total="1" passed="1" failed="0" skipped="0">
  <reporter-output>
  </reporter-output>
  <suite started-at="2023-10-05T14:23:15 ART" name="Surefire suite" finished-at="2023-10-05T14:23:24 ART" duration-ms="9098">
    <groups>
    </groups>
    <test started-at="2023-10-05T14:23:15 ART" name="Surefire test" finished-at="2023-10-05T14:23:24 ART" duration-ms="9098">
      <class name="Tests.Tests">
        <test-method is-config="true" signature="beforeTest()[pri:0, instance:Tests.Tests@50b472aa]" started-at="2023-10-05T14:23:15 ART" name="beforeTest" finished-at="2023-10-05T14:23:17 ART" duration-ms="2234" status="PASS">
          <reporter-output>
          </reporter-output>
        </test-method> <!-- beforeTest -->
        <test-method signature="f()[pri:0, instance:Tests.Tests@50b472aa]" started-at="2023-10-05T14:23:17 ART" name="f" finished-at="2023-10-05T14:23:24 ART" duration-ms="6842" status="PASS">
          <reporter-output>
          </reporter-output>
        </test-method> <!-- f -->
        <test-method is-config="true" signature="afterTest()[pri:0, instance:Tests.Tests@50b472aa]" started-at="2023-10-05T14:23:24 ART" name="afterTest" finished-at="2023-10-05T14:23:24 ART" duration-ms="1" status="PASS">
          <reporter-output>
          </reporter-output>
        </test-method> <!-- afterTest -->
      </class> <!-- Tests.Tests -->
    </test> <!-- Surefire test -->
  </suite> <!-- Surefire suite -->
</testng-results>
